-------------------------------------------------------------------------------
Test set: com.vytrack.runners.CukesRunner
-------------------------------------------------------------------------------
Tests run: 2, Failures: 1, Errors: 0, Skipped: 0, Time elapsed: 48.197 s <<< FAILURE! - in com.vytrack.runners.CukesRunner
login as a given user(Contacts page)  Time elapsed: 21.647 s  <<< FAILURE!
org.junit.ComparisonFailure: expected:<[Brenden Schneider]> but was:<[Toney Hegmann]>

